2021-08-26 16:27:49 INFO::runId: /Users/jordanwegner/Desktop/nba2/logs/2021-08-26 run.log
2021-08-26 16:27:54 INFO::New Season
2021-08-26 16:27:55 INFO::Year: 2021
2021-08-26 16:27:56 INFO::Loading libraries
2021-08-26 16:27:56 INFO::URL counting data: https://www.basketball-reference.com/leagues/NBA_2021_per_game.html
2021-08-26 16:27:56 INFO::URL advanced data: https://www.basketball-reference.com/leagues/NBA_2021_advanced.html
2021-08-26 16:27:56 INFO::scraping per game data
2021-08-26 16:28:01 INFO::scraping advanced data
2021-08-26 16:28:05 INFO::naming advanced data
2021-08-26 16:28:05 INFO::dropping redundant columns
2021-08-26 16:28:05 INFO::merging advanced and per game data
2021-08-26 16:28:05 INFO::2021 data scrape complete
2021-08-26 16:28:09 INFO::scraping upcoming season rosters
2021-08-26 16:28:16 INFO::roster scrape complete
2021-08-26 16:28:56 INFO::loading players_up_to_2021.csv
2021-08-26 16:28:59 INFO::combining previous seasons with current (just finished) season
2021-08-26 16:29:05 INFO::writing players_up_to_2022.csv
2021-08-26 16:29:09 INFO::assigning current teams via new roster scrape, cleaning data, and lagging by a season.
2021-08-26 16:29:09 INFO::dropping rows with a TOT assignment as a result of being traded
2021-08-26 16:29:09 INFO::setting missing values to be 0 (assuming they are either percentages or do not occurr in game)
2021-08-26 16:29:09 INFO::attaching rosters to players statistics
2021-08-26 16:29:14 INFO::removing one year players and rookies
2021-08-26 16:29:14 INFO::player trades cause problems. Time to remove.
2021-08-26 16:29:18 INFO::lagging performance by one season
2021-08-26 16:29:21 INFO::binding current season statistics and prior season statistics
2021-08-26 16:29:21 INFO::data check
2021-08-26 16:29:21 INFO::dropping all current season statistics
2021-08-26 16:29:28 INFO::creating data set that drops players with no prior year, ie rookies
2021-08-26 16:29:34 INFO::creating set that keeps the rookies
2021-08-26 16:29:37 INFO::writing lagged data sets
2021-08-26 16:29:37 INFO::writing per_game_and_advanced_lagged_no_rookies_20212022.csv
2021-08-26 16:29:37 INFO::writing per_game_and_advanced_lagged_with_rookies_20212022.csv
2021-08-26 16:29:41 INFO::aggregating no rookies data set
2021-08-26 16:29:42 INFO::aggregating rookies included data set
2021-08-26 16:35:48 INFO::changing NOK to NOH (Hurrican Katrina) -- no rookies
2021-08-26 16:35:49 INFO::changing NOK to NOH (Hurrican Katrina) -- rookies
2021-08-26 16:41:28 INFO::Scraping NBA playoff counts
2021-08-26 16:59:10 INFO::writing playoff wins data set as playoff_wins.csv
2021-08-26 17:00:21 INFO::runId: /Users/jordanwegner/Desktop/nba2/logs/2021-08-26 run.log
2021-08-26 17:00:21 INFO::New Season
2021-08-26 17:00:21 INFO::Year: 2021
2021-08-26 17:00:21 INFO::Loading libraries
2021-08-26 17:00:21 INFO::URL counting data: https://www.basketball-reference.com/leagues/NBA_2021_per_game.html
2021-08-26 17:00:21 INFO::URL advanced data: https://www.basketball-reference.com/leagues/NBA_2021_advanced.html
2021-08-26 17:00:21 INFO::scraping per game data
2021-08-26 17:00:25 INFO::scraping advanced data
2021-08-26 17:00:29 INFO::naming advanced data
2021-08-26 17:00:29 INFO::dropping redundant columns
2021-08-26 17:00:29 INFO::merging advanced and per game data
2021-08-26 17:00:29 INFO::2021 data scrape complete
2021-08-26 17:00:29 INFO::scraping upcoming season rosters
2021-08-26 17:00:36 INFO::roster scrape complete
2021-08-26 17:00:36 INFO::loading players_up_to_2021.csv
2021-08-26 17:00:36 INFO::combining previous seasons with current (just finished) season
2021-08-26 17:00:36 INFO::writing players_up_to_2022.csv
2021-08-26 17:00:37 INFO::assigning current teams via new roster scrape, cleaning data, and lagging by a season.
2021-08-26 17:00:37 INFO::dropping rows with a TOT assignment as a result of being traded
2021-08-26 17:00:37 INFO::setting missing values to be 0 (assuming they are either percentages or do not occurr in game)
2021-08-26 17:00:37 INFO::attaching rosters to players statistics
2021-08-26 17:00:37 INFO::removing one year players and rookies
2021-08-26 17:00:37 INFO::player trades cause problems. Time to remove.
2021-08-26 17:00:37 INFO::lagging performance by one season
2021-08-26 17:00:40 INFO::binding current season statistics and prior season statistics
2021-08-26 17:00:40 INFO::data check
2021-08-26 17:00:40 INFO::dropping all current season statistics
2021-08-26 17:00:40 INFO::creating data set that drops players with no prior year, ie rookies
2021-08-26 17:00:40 INFO::creating set that keeps the rookies
2021-08-26 17:00:41 INFO::writing lagged data sets
2021-08-26 17:00:41 INFO::writing per_game_and_advanced_lagged_no_rookies_20212022.csv
2021-08-26 17:00:41 INFO::writing per_game_and_advanced_lagged_with_rookies_20212022.csv
2021-08-26 17:00:41 INFO::aggregating no rookies data set
2021-08-26 17:00:42 INFO::aggregating rookies included data set
2021-08-26 17:00:42 INFO::changing NOK to NOH (Hurrican Katrina) -- no rookies
2021-08-26 17:00:42 INFO::changing NOK to NOH (Hurrican Katrina) -- rookies
2021-08-26 17:00:54 INFO::Scraping NBA playoff counts
2021-08-26 17:00:58 INFO::writing playoff wins data set as playoff_wins.csv
2021-08-26 17:06:08 INFO::runId: /Users/jordanwegner/Desktop/nba2/logs/2021-08-26 run.log
2021-08-26 17:06:08 INFO::New Season
2021-08-26 17:06:08 INFO::Year: 2021
2021-08-26 17:06:09 INFO::Loading libraries
2021-08-26 17:06:09 INFO::URL counting data: https://www.basketball-reference.com/leagues/NBA_2021_per_game.html
2021-08-26 17:06:09 INFO::URL advanced data: https://www.basketball-reference.com/leagues/NBA_2021_advanced.html
2021-08-26 17:06:09 INFO::scraping per game data
2021-08-26 17:06:14 INFO::scraping advanced data
2021-08-26 17:06:18 INFO::naming advanced data
2021-08-26 17:06:18 INFO::dropping redundant columns
2021-08-26 17:06:18 INFO::merging advanced and per game data
2021-08-26 17:06:18 INFO::2021 data scrape complete
2021-08-26 17:06:18 INFO::scraping upcoming season rosters
2021-08-26 17:06:25 INFO::roster scrape complete
2021-08-26 17:06:25 INFO::loading players_up_to_2021.csv
2021-08-26 17:06:25 INFO::combining previous seasons with current (just finished) season
2021-08-26 17:06:26 INFO::writing players_up_to_2022.csv
2021-08-26 17:06:26 INFO::assigning current teams via new roster scrape, cleaning data, and lagging by a season.
2021-08-26 17:06:26 INFO::dropping rows with a TOT assignment as a result of being traded
2021-08-26 17:06:26 INFO::setting missing values to be 0 (assuming they are either percentages or do not occurr in game)
2021-08-26 17:06:26 INFO::attaching rosters to players statistics
2021-08-26 17:06:26 INFO::removing one year players and rookies
2021-08-26 17:06:26 INFO::player trades cause problems. Time to remove.
2021-08-26 17:06:26 INFO::lagging performance by one season
2021-08-26 17:06:29 INFO::binding current season statistics and prior season statistics
2021-08-26 17:06:29 INFO::data check
2021-08-26 17:06:29 INFO::dropping all current season statistics
2021-08-26 17:06:29 INFO::creating data set that drops players with no prior year, ie rookies
2021-08-26 17:06:29 INFO::creating set that keeps the rookies
2021-08-26 17:06:30 INFO::writing lagged data sets
2021-08-26 17:06:30 INFO::writing per_game_and_advanced_lagged_no_rookies_20212022.csv
2021-08-26 17:06:30 INFO::writing per_game_and_advanced_lagged_with_rookies_20212022.csv
2021-08-26 17:06:30 INFO::aggregating no rookies data set
2021-08-26 17:06:31 INFO::aggregating rookies included data set
2021-08-26 17:06:32 INFO::changing NOK to NOH (Hurrican Katrina) -- no rookies
2021-08-26 17:06:32 INFO::changing NOK to NOH (Hurrican Katrina) -- rookies
2021-08-26 17:13:55 INFO::adding playoff wins to no rookies data set
2021-08-26 17:13:56 INFO::adding playoff wins to data set with rookies
2021-08-26 17:15:51 INFO::setting non-playoff teams win total to 0 for both data sets and cleaning current season names
2021-08-26 17:15:53 INFO::setting non-playoff teams win total to 0 for both data sets and cleaning current season names
2021-08-26 17:20:20 INFO::setting non-playoff teams win total to 0 for both data sets and cleaning current season names
2021-08-26 17:20:20 INFO::adding playoff wins to data set with rookies
2021-08-26 17:20:21 INFO::setting non-playoff teams win total to 0 for both data sets and cleaning current season names
2021-08-26 17:20:24 INFO::writing modeling data sets to .csv
2021-08-26 17:24:33 INFO::runId: /Users/jordanwegner/Desktop/nba2/logs/2021-08-26 run.log
2021-08-26 17:24:33 INFO::New Season
2021-08-26 17:24:33 INFO::Year: 2021
2021-08-26 17:24:33 INFO::Loading libraries
2021-08-26 17:24:35 INFO::URL counting data: https://www.basketball-reference.com/leagues/NBA_2021_per_game.html
2021-08-26 17:24:35 INFO::URL advanced data: https://www.basketball-reference.com/leagues/NBA_2021_advanced.html
2021-08-26 17:24:35 INFO::scraping per game data
2021-08-26 17:24:38 INFO::scraping advanced data
2021-08-26 17:24:43 INFO::naming advanced data
2021-08-26 17:24:43 INFO::dropping redundant columns
2021-08-26 17:24:43 INFO::merging advanced and per game data
2021-08-26 17:24:43 INFO::2021 data scrape complete
2021-08-26 17:24:43 INFO::scraping upcoming season rosters
2021-08-26 17:24:49 INFO::roster scrape complete
2021-08-26 17:24:49 INFO::loading players_up_to_2021.csv
2021-08-26 17:24:50 INFO::combining previous seasons with current (just finished) season
2021-08-26 17:24:50 INFO::writing players_up_to_2022.csv
2021-08-26 17:24:51 INFO::assigning current teams via new roster scrape, cleaning data, and lagging by a season.
2021-08-26 17:24:51 INFO::dropping rows with a TOT assignment as a result of being traded
2021-08-26 17:24:51 INFO::setting missing values to be 0 (assuming they are either percentages or do not occurr in game)
2021-08-26 17:24:51 INFO::attaching rosters to players statistics
2021-08-26 17:24:51 INFO::removing one year players and rookies
2021-08-26 17:24:51 INFO::player trades cause problems. Time to remove.
2021-08-26 17:24:51 INFO::lagging performance by one season
2021-08-26 17:24:53 INFO::binding current season statistics and prior season statistics
2021-08-26 17:24:53 INFO::data check
2021-08-26 17:24:53 INFO::dropping all current season statistics
2021-08-26 17:24:53 INFO::creating data set that drops players with no prior year, ie rookies
2021-08-26 17:24:54 INFO::creating set that keeps the rookies
2021-08-26 17:24:54 INFO::writing lagged data sets
2021-08-26 17:24:54 INFO::writing per_game_and_advanced_lagged_no_rookies_20212022.csv
2021-08-26 17:24:54 INFO::writing per_game_and_advanced_lagged_with_rookies_20212022.csv
2021-08-26 17:24:54 INFO::aggregating no rookies data set
2021-08-26 17:24:55 INFO::aggregating rookies included data set
2021-08-26 17:24:56 INFO::changing NOK to NOH (Hurrican Katrina) -- no rookies
2021-08-26 17:24:56 INFO::changing NOK to NOH (Hurrican Katrina) -- rookies
2021-08-26 17:24:56 INFO::adding playoff wins to no rookies data set
2021-08-26 17:24:56 INFO::setting non-playoff teams win total to 0 for both data sets and cleaning current season names
2021-08-26 17:24:56 INFO::adding playoff wins to data set with rookies
2021-08-26 17:24:56 INFO::setting non-playoff teams win total to 0 for both data sets and cleaning current season names
2021-08-26 17:24:56 INFO::writing modeling data sets to .csv
2021-08-26 17:26:14 INFO::runId: /Users/jordanwegner/Desktop/nba2/logs/2021-08-26 run.log
2021-08-26 17:26:14 INFO::New Season
2021-08-26 17:26:14 INFO::Year: 2021
2021-08-26 17:26:14 INFO::Loading libraries
2021-08-26 17:26:15 INFO::URL counting data: https://www.basketball-reference.com/leagues/NBA_2021_per_game.html
2021-08-26 17:26:15 INFO::URL advanced data: https://www.basketball-reference.com/leagues/NBA_2021_advanced.html
2021-08-26 17:26:15 INFO::scraping per game data
2021-08-26 17:26:18 INFO::scraping advanced data
2021-08-26 17:26:23 INFO::naming advanced data
2021-08-26 17:26:23 INFO::dropping redundant columns
2021-08-26 17:26:23 INFO::merging advanced and per game data
2021-08-26 17:26:23 INFO::2021 data scrape complete
2021-08-26 17:26:23 INFO::scraping upcoming season rosters
2021-08-26 17:26:28 INFO::roster scrape complete
2021-08-26 17:26:28 INFO::loading players_up_to_2021.csv
2021-08-26 17:26:28 INFO::combining previous seasons with current (just finished) season
2021-08-26 17:26:29 INFO::writing players_up_to_2022.csv
2021-08-26 17:26:29 INFO::assigning current teams via new roster scrape, cleaning data, and lagging by a season.
2021-08-26 17:26:29 INFO::dropping rows with a TOT assignment as a result of being traded
2021-08-26 17:26:29 INFO::setting missing values to be 0 (assuming they are either percentages or do not occurr in game)
2021-08-26 17:26:29 INFO::attaching rosters to players statistics
2021-08-26 17:26:29 INFO::removing one year players and rookies
2021-08-26 17:26:29 INFO::player trades cause problems. Time to remove.
2021-08-26 17:26:29 INFO::lagging performance by one season
2021-08-26 17:26:32 INFO::binding current season statistics and prior season statistics
2021-08-26 17:26:32 INFO::data check
2021-08-26 17:26:32 INFO::dropping all current season statistics
2021-08-26 17:26:32 INFO::creating data set that drops players with no prior year, ie rookies
2021-08-26 17:26:32 INFO::creating set that keeps the rookies
2021-08-26 17:26:33 INFO::writing lagged data sets
2021-08-26 17:26:33 INFO::writing per_game_and_advanced_lagged_no_rookies_20212022.csv
2021-08-26 17:26:33 INFO::writing per_game_and_advanced_lagged_with_rookies_20212022.csv
2021-08-26 17:26:33 INFO::aggregating no rookies data set
2021-08-26 17:26:34 INFO::aggregating rookies included data set
2021-08-26 17:26:34 INFO::changing NOK to NOH (Hurrican Katrina) -- no rookies
2021-08-26 17:26:34 INFO::changing NOK to NOH (Hurrican Katrina) -- rookies
2021-08-26 17:26:34 INFO::playoff counts already gathered
2021-08-26 17:26:34 INFO::adding playoff wins to no rookies data set
2021-08-26 17:26:34 INFO::setting non-playoff teams win total to 0 for both data sets and cleaning current season names
2021-08-26 17:26:34 INFO::adding playoff wins to data set with rookies
2021-08-26 17:26:34 INFO::setting non-playoff teams win total to 0 for both data sets and cleaning current season names
2021-08-26 17:26:34 INFO::writing modeling data sets to .csv
2021-08-26 17:27:13 INFO::runId: /Users/jordanwegner/Desktop/nba2/logs/2021-08-26 run.log
2021-08-26 17:27:13 INFO::New Season
2021-08-26 17:27:13 INFO::Year: 2021
2021-08-26 17:27:13 INFO::Loading libraries
2021-08-26 17:27:15 INFO::URL counting data: https://www.basketball-reference.com/leagues/NBA_2021_per_game.html
2021-08-26 17:27:15 INFO::URL advanced data: https://www.basketball-reference.com/leagues/NBA_2021_advanced.html
2021-08-26 17:27:15 INFO::scraping per game data
2021-08-26 17:27:18 INFO::scraping advanced data
2021-08-26 17:27:22 INFO::naming advanced data
2021-08-26 17:27:22 INFO::dropping redundant columns
2021-08-26 17:27:22 INFO::merging advanced and per game data
2021-08-26 17:27:22 INFO::2021 data scrape complete
2021-08-26 17:27:22 INFO::scraping upcoming season rosters
2021-08-26 17:27:27 INFO::roster scrape complete
2021-08-26 17:27:27 INFO::loading players_up_to_2021.csv
2021-08-26 17:27:28 INFO::combining previous seasons with current (just finished) season
2021-08-26 17:27:28 INFO::writing players_up_to_2022.csv
2021-08-26 17:27:29 INFO::assigning current teams via new roster scrape, cleaning data, and lagging by a season.
2021-08-26 17:27:29 INFO::dropping rows with a TOT assignment as a result of being traded
2021-08-26 17:27:29 INFO::setting missing values to be 0 (assuming they are either percentages or do not occurr in game)
2021-08-26 17:27:29 INFO::attaching rosters to players statistics
2021-08-26 17:27:29 INFO::removing one year players and rookies
2021-08-26 17:27:29 INFO::player trades cause problems. Time to remove.
2021-08-26 17:27:29 INFO::lagging performance by one season
2021-08-26 17:27:31 INFO::binding current season statistics and prior season statistics
2021-08-26 17:27:31 INFO::data check
2021-08-26 17:27:31 INFO::dropping all current season statistics
2021-08-26 17:27:31 INFO::creating data set that drops players with no prior year, ie rookies
2021-08-26 17:27:32 INFO::creating set that keeps the rookies
2021-08-26 17:27:32 INFO::writing lagged data sets
2021-08-26 17:27:32 INFO::writing per_game_and_advanced_lagged_no_rookies_20212022.csv
2021-08-26 17:27:32 INFO::writing per_game_and_advanced_lagged_with_rookies_20212022.csv
2021-08-26 17:27:32 INFO::aggregating no rookies data set
2021-08-26 17:27:33 INFO::aggregating rookies included data set
2021-08-26 17:27:33 INFO::changing NOK to NOH (Hurrican Katrina) -- no rookies
2021-08-26 17:27:33 INFO::changing NOK to NOH (Hurrican Katrina) -- rookies
2021-08-26 17:27:33 INFO::Scraping NBA playoff counts
2021-08-26 17:27:36 INFO::writing playoff wins data set as playoff_wins.csv
2021-08-26 17:27:36 INFO::adding playoff wins to no rookies data set
2021-08-26 17:27:36 INFO::setting non-playoff teams win total to 0 for both data sets and cleaning current season names
2021-08-26 17:27:36 INFO::adding playoff wins to data set with rookies
2021-08-26 17:27:36 INFO::setting non-playoff teams win total to 0 for both data sets and cleaning current season names
2021-08-26 17:27:36 INFO::writing modeling data sets to .csv
2021-08-26 17:28:25 INFO::runId: /Users/jordanwegner/Desktop/nba2/logs/2021-08-26 run.log
2021-08-26 17:28:25 INFO::New Season
2021-08-26 17:28:25 INFO::Year: 2021
2021-08-26 17:28:25 INFO::Loading libraries
2021-08-26 17:28:27 INFO::URL counting data: https://www.basketball-reference.com/leagues/NBA_2021_per_game.html
2021-08-26 17:28:27 INFO::URL advanced data: https://www.basketball-reference.com/leagues/NBA_2021_advanced.html
2021-08-26 17:28:27 INFO::scraping per game data
2021-08-26 17:28:30 INFO::scraping advanced data
2021-08-26 17:28:32 INFO::naming advanced data
2021-08-26 17:28:32 INFO::dropping redundant columns
2021-08-26 17:28:32 INFO::merging advanced and per game data
2021-08-26 17:28:32 INFO::2021 data scrape complete
2021-08-26 17:28:32 INFO::scraping upcoming season rosters
2021-08-26 17:28:37 INFO::roster scrape complete
2021-08-26 17:28:37 INFO::loading players_up_to_2021.csv
2021-08-26 17:28:37 INFO::combining previous seasons with current (just finished) season
2021-08-26 17:28:38 INFO::writing players_up_to_2022.csv
2021-08-26 17:28:38 INFO::assigning current teams via new roster scrape, cleaning data, and lagging by a season.
2021-08-26 17:28:38 INFO::dropping rows with a TOT assignment as a result of being traded
2021-08-26 17:28:38 INFO::setting missing values to be 0 (assuming they are either percentages or do not occurr in game)
2021-08-26 17:28:38 INFO::attaching rosters to players statistics
2021-08-26 17:28:38 INFO::removing one year players and rookies
2021-08-26 17:28:39 INFO::player trades cause problems. Time to remove.
2021-08-26 17:28:39 INFO::lagging performance by one season
2021-08-26 17:28:41 INFO::binding current season statistics and prior season statistics
2021-08-26 17:28:41 INFO::data check
2021-08-26 17:28:41 INFO::dropping all current season statistics
2021-08-26 17:28:41 INFO::creating data set that drops players with no prior year, ie rookies
2021-08-26 17:28:41 INFO::creating set that keeps the rookies
2021-08-26 17:28:42 INFO::writing lagged data sets
2021-08-26 17:28:42 INFO::writing per_game_and_advanced_lagged_no_rookies_20212022.csv
2021-08-26 17:28:42 INFO::writing per_game_and_advanced_lagged_with_rookies_20212022.csv
2021-08-26 17:28:42 INFO::aggregating no rookies data set
2021-08-26 17:28:43 INFO::aggregating rookies included data set
2021-08-26 17:28:43 INFO::changing NOK to NOH (Hurrican Katrina) -- no rookies
2021-08-26 17:28:43 INFO::changing NOK to NOH (Hurrican Katrina) -- rookies
2021-08-26 17:28:43 INFO::playoff counts already gathered
2021-08-26 17:28:43 INFO::adding playoff wins to no rookies data set
2021-08-26 17:28:43 INFO::setting non-playoff teams win total to 0 for both data sets and cleaning current season names
2021-08-26 17:28:43 INFO::adding playoff wins to data set with rookies
2021-08-26 17:28:43 INFO::setting non-playoff teams win total to 0 for both data sets and cleaning current season names
2021-08-26 17:28:43 INFO::writing modeling data sets to .csv
