2021-10-18 15:49:54 INFO::runId: /Users/jordanwegner/Desktop/nba2/logs/2021-10-18 run.log
2021-10-18 15:50:03 INFO::New Season
2021-10-18 15:50:04 INFO::Year: 2021
2021-10-18 15:52:19 INFO::scraping upcoming season rosters
2021-10-18 15:52:19 WARNING::MAKE SURE YOU DO NOT NEED TO MOD THE ROSTER
2021-10-18 15:52:30 INFO::roster scrape complete
2021-10-18 15:53:57 INFO::rosters %>% filter(Tm == "DAL"): c("Tim Hardaway Jr.", "Josh Green", "Dwight Powell", "Sterling Brown", "Trey Burke", "Luka Dončić", "Boban Marjanović", "Willie Cauley-Stein", "Jalen Brunson", "Eugene Omoruyi  (TW)", "Tyrell Terry", "Maxi Kleber", "JaQuori McLaughlin  (TW)", "Moses Brown", "Dorian Finney-Smith", "Frank Ntilikina", "Reggie Bullock", "Kristaps Porziņģis")
 2021-10-18 15:53:57 INFO::rosters %>% filter(Tm == "DAL"): c("DAL", "DAL", "DAL", "DAL", "DAL", "DAL", "DAL", "DAL", "DAL", "DAL", "DAL", "DAL", "DAL", "DAL", "DAL", "DAL", "DAL", "DAL")
 2021-10-18 15:53:57 INFO::rosters %>% filter(Tm == "DAL"): c("2022", "2022", "2022", "2022", "2022", "2022", "2022", "2022", "2022", "2022", "2022", "2022", "2022", "2022", "2022", "2022", "2022", "2022")
2021-10-18 15:54:39 INFO::print(rosters %>% filter(Tm == "DAL")): c("Tim Hardaway Jr.", "Josh Green", "Dwight Powell", "Sterling Brown", "Trey Burke", "Luka Dončić", "Boban Marjanović", "Willie Cauley-Stein", "Jalen Brunson", "Eugene Omoruyi  (TW)", "Tyrell Terry", "Maxi Kleber", "JaQuori McLaughlin  (TW)", "Moses Brown", "Dorian Finney-Smith", "Frank Ntilikina", "Reggie Bullock", "Kristaps Porziņģis")
 2021-10-18 15:54:39 INFO::print(rosters %>% filter(Tm == "DAL")): c("DAL", "DAL", "DAL", "DAL", "DAL", "DAL", "DAL", "DAL", "DAL", "DAL", "DAL", "DAL", "DAL", "DAL", "DAL", "DAL", "DAL", "DAL")
 2021-10-18 15:54:39 INFO::print(rosters %>% filter(Tm == "DAL")): c("2022", "2022", "2022", "2022", "2022", "2022", "2022", "2022", "2022", "2022", "2022", "2022", "2022", "2022", "2022", "2022", "2022", "2022")
2021-10-18 15:56:10 INFO::reading players_20212022.csv
2021-10-18 15:59:46 INFO::c("print(players %>% filter(Player == \"Blake Griffin\") %>% subset(select = c(Player, ", "    Tm, PTS, year)))"): c("Blake Griffin", "Blake Griffin", "Blake Griffin", "Blake Griffin", "Blake Griffin", "Blake Griffin", "Blake Griffin", "Blake Griffin", "Blake Griffin", "Blake Griffin", "Blake Griffin", "Blake Griffin", "Blake Griffin", "Blake Griffin", "Blake Griffin")
 2021-10-18 15:59:46 INFO::c("print(players %>% filter(Player == \"Blake Griffin\") %>% subset(select = c(Player, ", "    Tm, PTS, year)))"): c("LAC", "LAC", "LAC", "LAC", "LAC", "LAC", "LAC", "DET", "LAC", "TOT", "DET", "DET", "BRK", "DET", "TOT")
 2021-10-18 15:59:46 INFO::c("print(players %>% filter(Player == \"Blake Griffin\") %>% subset(select = c(Player, ", "    Tm, PTS, year)))"): c(22.5, 20.7, 18, 24.1, 21.9, 21.4, 21.6, 19.8, 22.6, 21.4, 24.5, 15.5, 10, 12.3, 11)
 2021-10-18 15:59:46 INFO::c("print(players %>% filter(Player == \"Blake Griffin\") %>% subset(select = c(Player, ", "    Tm, PTS, year)))"): c(2011, 2012, 2013, 2014, 2015, 2016, 2017, 2018, 2018, 2018, 2019, 2020, 2021, 2021, 2021)
2021-10-18 16:01:22 INFO::assigning current teams via new roster scrape, cleaning data
2021-10-18 16:01:22 INFO::dropping rows with a TOT assignment as a result of being traded
2021-10-18 16:01:22 INFO::setting missing values to be 0 (assuming they are either percentages or do not occurr in game)
2021-10-18 16:01:22 INFO::attaching rosters to players statistics
2021-10-18 16:01:56 INFO::data check - Blake
2021-10-18 16:01:57 INFO::c("print(p3 %>% filter(Player == \"Blake Griffin\") %>% subset(select = c(Player, ", "    Tm, PTS, year)))"): c("Blake Griffin", "Blake Griffin", "Blake Griffin", "Blake Griffin", "Blake Griffin", "Blake Griffin", "Blake Griffin", "Blake Griffin", "Blake Griffin", "Blake Griffin", "Blake Griffin", "Blake Griffin", "Blake Griffin", "Blake Griffin")
 2021-10-18 16:01:57 INFO::c("print(p3 %>% filter(Player == \"Blake Griffin\") %>% subset(select = c(Player, ", "    Tm, PTS, year)))"): c("LAC", "LAC", "LAC", "LAC", "LAC", "LAC", "LAC", "DET", "LAC", "DET", "DET", "BRK", "DET", "BRK")
 2021-10-18 16:01:57 INFO::c("print(p3 %>% filter(Player == \"Blake Griffin\") %>% subset(select = c(Player, ", "    Tm, PTS, year)))"): c(22.5, 20.7, 18, 24.1, 21.9, 21.4, 21.6, 19.8, 22.6, 24.5, 15.5, 10, 12.3, NA)
 2021-10-18 16:01:57 INFO::c("print(p3 %>% filter(Player == \"Blake Griffin\") %>% subset(select = c(Player, ", "    Tm, PTS, year)))"): c("2011", "2012", "2013", "2014", "2015", "2016", "2017", "2018", "2018", "2019", "2020", "2021", "2021", "2022")
2021-10-18 16:04:56 INFO::removing one year players and rookies
2021-10-18 16:04:57 INFO::player trades cause problems. Time to remove.
2021-10-18 16:05:13 INFO::data check - Blake
2021-10-18 16:05:14 INFO::c("print(p4 %>% filter(Player == \"Blake Griffin\") %>% subset(select = c(Player, ", "    Tm, PTS, year)))"): c("Blake Griffin", "Blake Griffin", "Blake Griffin", "Blake Griffin", "Blake Griffin", "Blake Griffin", "Blake Griffin", "Blake Griffin", "Blake Griffin", "Blake Griffin", "Blake Griffin", "Blake Griffin")
 2021-10-18 16:05:14 INFO::c("print(p4 %>% filter(Player == \"Blake Griffin\") %>% subset(select = c(Player, ", "    Tm, PTS, year)))"): c("LAC", "LAC", "LAC", "LAC", "LAC", "DET", "LAC", "DET", "DET", "BRK", "DET", "BRK")
 2021-10-18 16:05:14 INFO::c("print(p4 %>% filter(Player == \"Blake Griffin\") %>% subset(select = c(Player, ", "    Tm, PTS, year)))"): c(22.5, 20.7, 18, 24.1, 21.9, 19.8, 22.6, 24.5, 15.5, 10, 12.3, NA)
 2021-10-18 16:05:14 INFO::c("print(p4 %>% filter(Player == \"Blake Griffin\") %>% subset(select = c(Player, ", "    Tm, PTS, year)))"): c("2011", "2012", "2013", "2014", "2015", "2018", "2018", "2019", "2020", "2021", "2021", "2022")
2021-10-18 16:06:57 INFO::removing one year players and rookies
2021-10-18 16:06:57 INFO::player trades cause problems. Time to remove.
2021-10-18 16:07:01 INFO::data check - Blake
2021-10-18 16:07:04 INFO::c("print(p4 %>% filter(Player == \"Blake Griffin\") %>% subset(select = c(Player, ", "    Tm, PTS, year)))"): c("Blake Griffin", "Blake Griffin", "Blake Griffin", "Blake Griffin", "Blake Griffin", "Blake Griffin", "Blake Griffin", "Blake Griffin", "Blake Griffin", "Blake Griffin", "Blake Griffin", "Blake Griffin")
 2021-10-18 16:07:04 INFO::c("print(p4 %>% filter(Player == \"Blake Griffin\") %>% subset(select = c(Player, ", "    Tm, PTS, year)))"): c("LAC", "LAC", "LAC", "LAC", "LAC", "DET", "LAC", "DET", "DET", "BRK", "DET", "BRK")
 2021-10-18 16:07:04 INFO::c("print(p4 %>% filter(Player == \"Blake Griffin\") %>% subset(select = c(Player, ", "    Tm, PTS, year)))"): c(22.5, 20.7, 18, 24.1, 21.9, 19.8, 22.6, 24.5, 15.5, 10, 12.3, NA)
 2021-10-18 16:07:04 INFO::c("print(p4 %>% filter(Player == \"Blake Griffin\") %>% subset(select = c(Player, ", "    Tm, PTS, year)))"): c("2011", "2012", "2013", "2014", "2015", "2018", "2018", "2019", "2020", "2021", "2021", "2022")
2021-10-18 16:07:21 INFO::lagging performance by one season
2021-10-18 16:07:24 INFO::binding current season statistics and prior season statistics
2021-10-18 16:07:24 INFO::data check
2021-10-18 16:07:24 INFO::dropping all current season statistics
2021-10-18 16:07:56 INFO::data check - Blake
2021-10-18 16:08:22 INFO::c("print(bound_test %>% filter(Player == \"Blake Griffin\") %>% subset(select = c(Player, ", "    Tm, PTS_prior, year)))"): c("Blake Griffin", "Blake Griffin", "Blake Griffin", "Blake Griffin", "Blake Griffin", "Blake Griffin", "Blake Griffin", "Blake Griffin", "Blake Griffin", "Blake Griffin", "Blake Griffin", "Blake Griffin")
 2021-10-18 16:08:22 INFO::c("print(bound_test %>% filter(Player == \"Blake Griffin\") %>% subset(select = c(Player, ", "    Tm, PTS_prior, year)))"): c("LAC", "LAC", "LAC", "LAC", "LAC", "DET", "LAC", "DET", "DET", "BRK", "DET", "BRK")
 2021-10-18 16:08:22 INFO::c("print(bound_test %>% filter(Player == \"Blake Griffin\") %>% subset(select = c(Player, ", "    Tm, PTS_prior, year)))"): c(NA, 22.5, 20.7, 18, 24.1, 21.9, 19.8, 22.6, 24.5, 15.5, 10, 12.3)
 2021-10-18 16:08:22 INFO::c("print(bound_test %>% filter(Player == \"Blake Griffin\") %>% subset(select = c(Player, ", "    Tm, PTS_prior, year)))"): c("2011", "2012", "2013", "2014", "2015", "2018", "2018", "2019", "2020", "2021", "2021", "2022")
2021-10-18 16:09:01 INFO::runId: /Users/jordanwegner/Desktop/nba2/logs/2021-10-18 run.log
2021-10-18 16:09:01 INFO::New Season
2021-10-18 16:09:01 INFO::Year: 2021
2021-10-18 16:09:01 INFO::scraping upcoming season rosters
2021-10-18 16:09:01 WARNING::MAKE SURE YOU DO NOT NEED TO MOD THE ROSTER
2021-10-18 16:09:09 INFO::roster scrape complete
2021-10-18 16:09:09 INFO::Data check: Dallas Mavericks Roster
2021-10-18 16:09:09 INFO::print(rosters %>% filter(Tm == "DAL")): c("Tim Hardaway Jr.", "Josh Green", "Dwight Powell", "Sterling Brown", "Trey Burke", "Luka Dončić", "Boban Marjanović", "Willie Cauley-Stein", "Jalen Brunson", "Eugene Omoruyi  (TW)", "Tyrell Terry", "Maxi Kleber", "JaQuori McLaughlin  (TW)", "Moses Brown", "Dorian Finney-Smith", "Frank Ntilikina", "Reggie Bullock", "Kristaps Porziņģis")
 2021-10-18 16:09:09 INFO::print(rosters %>% filter(Tm == "DAL")): c("DAL", "DAL", "DAL", "DAL", "DAL", "DAL", "DAL", "DAL", "DAL", "DAL", "DAL", "DAL", "DAL", "DAL", "DAL", "DAL", "DAL", "DAL")
 2021-10-18 16:09:09 INFO::print(rosters %>% filter(Tm == "DAL")): c("2022", "2022", "2022", "2022", "2022", "2022", "2022", "2022", "2022", "2022", "2022", "2022", "2022", "2022", "2022", "2022", "2022", "2022")
2021-10-18 16:09:09 INFO::reading players_20212022.csv
2021-10-18 16:09:09 INFO::data check - Blake Griffin
2021-10-18 16:09:09 INFO::c("print(players %>% filter(Player == \"Blake Griffin\") %>% subset(select = c(Player, ", "    Tm, PTS, year)))"): c("Blake Griffin", "Blake Griffin", "Blake Griffin", "Blake Griffin", "Blake Griffin", "Blake Griffin", "Blake Griffin", "Blake Griffin", "Blake Griffin", "Blake Griffin", "Blake Griffin", "Blake Griffin", "Blake Griffin", "Blake Griffin", "Blake Griffin")
 2021-10-18 16:09:09 INFO::c("print(players %>% filter(Player == \"Blake Griffin\") %>% subset(select = c(Player, ", "    Tm, PTS, year)))"): c("LAC", "LAC", "LAC", "LAC", "LAC", "LAC", "LAC", "DET", "LAC", "TOT", "DET", "DET", "BRK", "DET", "TOT")
 2021-10-18 16:09:09 INFO::c("print(players %>% filter(Player == \"Blake Griffin\") %>% subset(select = c(Player, ", "    Tm, PTS, year)))"): c(22.5, 20.7, 18, 24.1, 21.9, 21.4, 21.6, 19.8, 22.6, 21.4, 24.5, 15.5, 10, 12.3, 11)
 2021-10-18 16:09:09 INFO::c("print(players %>% filter(Player == \"Blake Griffin\") %>% subset(select = c(Player, ", "    Tm, PTS, year)))"): c(2011, 2012, 2013, 2014, 2015, 2016, 2017, 2018, 2018, 2018, 2019, 2020, 2021, 2021, 2021)
2021-10-18 16:09:09 INFO::assigning current teams via new roster scrape, cleaning data
2021-10-18 16:09:09 INFO::dropping rows with a TOT assignment as a result of being traded
2021-10-18 16:09:09 INFO::setting missing values to be 0 (assuming they are either percentages or do not occurr in game)
2021-10-18 16:09:09 INFO::attaching rosters to players statistics
2021-10-18 16:09:09 INFO::data check - Blake
2021-10-18 16:09:09 INFO::c("print(p3 %>% filter(Player == \"Blake Griffin\") %>% subset(select = c(Player, ", "    Tm, PTS, year)))"): c("Blake Griffin", "Blake Griffin", "Blake Griffin", "Blake Griffin", "Blake Griffin", "Blake Griffin", "Blake Griffin", "Blake Griffin", "Blake Griffin", "Blake Griffin", "Blake Griffin", "Blake Griffin", "Blake Griffin", "Blake Griffin")
 2021-10-18 16:09:09 INFO::c("print(p3 %>% filter(Player == \"Blake Griffin\") %>% subset(select = c(Player, ", "    Tm, PTS, year)))"): c("LAC", "LAC", "LAC", "LAC", "LAC", "LAC", "LAC", "DET", "LAC", "DET", "DET", "BRK", "DET", "BRK")
 2021-10-18 16:09:09 INFO::c("print(p3 %>% filter(Player == \"Blake Griffin\") %>% subset(select = c(Player, ", "    Tm, PTS, year)))"): c(22.5, 20.7, 18, 24.1, 21.9, 21.4, 21.6, 19.8, 22.6, 24.5, 15.5, 10, 12.3, NA)
 2021-10-18 16:09:09 INFO::c("print(p3 %>% filter(Player == \"Blake Griffin\") %>% subset(select = c(Player, ", "    Tm, PTS, year)))"): c("2011", "2012", "2013", "2014", "2015", "2016", "2017", "2018", "2018", "2019", "2020", "2021", "2021", "2022")
2021-10-18 16:10:18 INFO::removing one year players and rookies
2021-10-18 16:16:40 INFO::runId: /Users/jordanwegner/Desktop/nba2/logs/2021-10-18 run.log
2021-10-18 16:16:40 INFO::New Season
2021-10-18 16:16:40 INFO::Year: 2021
2021-10-18 16:16:40 INFO::scraping upcoming season rosters
2021-10-18 16:16:40 WARNING::MAKE SURE YOU DO NOT NEED TO MOD THE ROSTER
2021-10-18 16:16:48 INFO::roster scrape complete
2021-10-18 16:16:48 INFO::Data check: Dallas Mavericks Roster
2021-10-18 16:16:48 INFO::print(rosters %>% filter(Tm == "DAL")): c("Tim Hardaway Jr.", "Josh Green", "Dwight Powell", "Sterling Brown", "Trey Burke", "Luka Dončić", "Boban Marjanović", "Willie Cauley-Stein", "Jalen Brunson", "Eugene Omoruyi  (TW)", "Tyrell Terry", "Maxi Kleber", "JaQuori McLaughlin  (TW)", "Moses Brown", "Dorian Finney-Smith", "Frank Ntilikina", "Reggie Bullock", "Kristaps Porziņģis")
 2021-10-18 16:16:48 INFO::print(rosters %>% filter(Tm == "DAL")): c("DAL", "DAL", "DAL", "DAL", "DAL", "DAL", "DAL", "DAL", "DAL", "DAL", "DAL", "DAL", "DAL", "DAL", "DAL", "DAL", "DAL", "DAL")
 2021-10-18 16:16:48 INFO::print(rosters %>% filter(Tm == "DAL")): c("2022", "2022", "2022", "2022", "2022", "2022", "2022", "2022", "2022", "2022", "2022", "2022", "2022", "2022", "2022", "2022", "2022", "2022")
2021-10-18 16:16:48 INFO::reading players_20212022.csv
2021-10-18 16:16:49 INFO::data check - Blake Griffin
2021-10-18 16:16:49 INFO::c("print(players %>% filter(Player == \"Blake Griffin\") %>% subset(select = c(Player, ", "    Tm, PTS, year)))"): c("Blake Griffin", "Blake Griffin", "Blake Griffin", "Blake Griffin", "Blake Griffin", "Blake Griffin", "Blake Griffin", "Blake Griffin", "Blake Griffin", "Blake Griffin", "Blake Griffin", "Blake Griffin", "Blake Griffin", "Blake Griffin", "Blake Griffin")
 2021-10-18 16:16:49 INFO::c("print(players %>% filter(Player == \"Blake Griffin\") %>% subset(select = c(Player, ", "    Tm, PTS, year)))"): c("LAC", "LAC", "LAC", "LAC", "LAC", "LAC", "LAC", "DET", "LAC", "TOT", "DET", "DET", "BRK", "DET", "TOT")
 2021-10-18 16:16:49 INFO::c("print(players %>% filter(Player == \"Blake Griffin\") %>% subset(select = c(Player, ", "    Tm, PTS, year)))"): c(22.5, 20.7, 18, 24.1, 21.9, 21.4, 21.6, 19.8, 22.6, 21.4, 24.5, 15.5, 10, 12.3, 11)
 2021-10-18 16:16:49 INFO::c("print(players %>% filter(Player == \"Blake Griffin\") %>% subset(select = c(Player, ", "    Tm, PTS, year)))"): c(2011, 2012, 2013, 2014, 2015, 2016, 2017, 2018, 2018, 2018, 2019, 2020, 2021, 2021, 2021)
2021-10-18 16:16:49 INFO::assigning current teams via new roster scrape, cleaning data
2021-10-18 16:16:49 INFO::dropping rows with a TOT assignment as a result of being traded
2021-10-18 16:16:49 INFO::setting missing values to be 0 (assuming they are either percentages or do not occurr in game)
2021-10-18 16:16:49 INFO::attaching rosters to players statistics
2021-10-18 16:16:49 INFO::data check - Blake
2021-10-18 16:16:49 INFO::c("print(p3 %>% filter(Player == \"Blake Griffin\") %>% subset(select = c(Player, ", "    Tm, PTS, year)))"): c("Blake Griffin", "Blake Griffin", "Blake Griffin", "Blake Griffin", "Blake Griffin", "Blake Griffin", "Blake Griffin", "Blake Griffin", "Blake Griffin", "Blake Griffin", "Blake Griffin", "Blake Griffin", "Blake Griffin", "Blake Griffin")
 2021-10-18 16:16:49 INFO::c("print(p3 %>% filter(Player == \"Blake Griffin\") %>% subset(select = c(Player, ", "    Tm, PTS, year)))"): c("LAC", "LAC", "LAC", "LAC", "LAC", "LAC", "LAC", "DET", "LAC", "DET", "DET", "BRK", "DET", "BRK")
 2021-10-18 16:16:49 INFO::c("print(p3 %>% filter(Player == \"Blake Griffin\") %>% subset(select = c(Player, ", "    Tm, PTS, year)))"): c(22.5, 20.7, 18, 24.1, 21.9, 21.4, 21.6, 19.8, 22.6, 24.5, 15.5, 10, 12.3, NA)
 2021-10-18 16:16:49 INFO::c("print(p3 %>% filter(Player == \"Blake Griffin\") %>% subset(select = c(Player, ", "    Tm, PTS, year)))"): c("2011", "2012", "2013", "2014", "2015", "2016", "2017", "2018", "2018", "2019", "2020", "2021", "2021", "2022")
2021-10-18 16:17:13 INFO::removing one year players and rookies
2021-10-18 16:17:13 INFO::player trades cause problems. Time to remove.
2021-10-18 16:17:18 INFO::data check - Blake
2021-10-18 16:17:18 INFO::c("print(p4 %>% filter(Player == \"Blake Griffin\") %>% subset(select = c(Player, ", "    Tm, PTS, year)))"): c("Blake Griffin", "Blake Griffin", "Blake Griffin", "Blake Griffin", "Blake Griffin", "Blake Griffin", "Blake Griffin", "Blake Griffin", "Blake Griffin", "Blake Griffin")
 2021-10-18 16:17:18 INFO::c("print(p4 %>% filter(Player == \"Blake Griffin\") %>% subset(select = c(Player, ", "    Tm, PTS, year)))"): c("LAC", "LAC", "LAC", "LAC", "LAC", "LAC", "LAC", "DET", "DET", "BRK")
 2021-10-18 16:17:18 INFO::c("print(p4 %>% filter(Player == \"Blake Griffin\") %>% subset(select = c(Player, ", "    Tm, PTS, year)))"): c(22.5, 20.7, 18, 24.1, 21.9, 21.4, 21.6, 24.5, 15.5, NA)
 2021-10-18 16:17:18 INFO::c("print(p4 %>% filter(Player == \"Blake Griffin\") %>% subset(select = c(Player, ", "    Tm, PTS, year)))"): c("2011", "2012", "2013", "2014", "2015", "2016", "2017", "2019", "2020", "2022")
2021-10-18 16:18:17 INFO::lagging performance by one season
2021-10-18 16:18:20 INFO::binding current season statistics and prior season statistics
2021-10-18 16:18:20 INFO::data check
2021-10-18 16:18:20 INFO::dropping all current season statistics
2021-10-18 16:18:23 INFO::data check - Blake
2021-10-18 16:18:24 INFO::c("print(bound_test %>% filter(Player == \"Blake Griffin\") %>% subset(select = c(Player, ", "    Tm, PTS_prior, year)))"): c("Blake Griffin", "Blake Griffin", "Blake Griffin", "Blake Griffin", "Blake Griffin", "Blake Griffin", "Blake Griffin", "Blake Griffin", "Blake Griffin", "Blake Griffin")
 2021-10-18 16:18:24 INFO::c("print(bound_test %>% filter(Player == \"Blake Griffin\") %>% subset(select = c(Player, ", "    Tm, PTS_prior, year)))"): c("LAC", "LAC", "LAC", "LAC", "LAC", "LAC", "LAC", "DET", "DET", "BRK")
 2021-10-18 16:18:24 INFO::c("print(bound_test %>% filter(Player == \"Blake Griffin\") %>% subset(select = c(Player, ", "    Tm, PTS_prior, year)))"): c(NA, 22.5, 20.7, 18, 24.1, 21.9, 21.4, 21.6, 24.5, 15.5)
 2021-10-18 16:18:24 INFO::c("print(bound_test %>% filter(Player == \"Blake Griffin\") %>% subset(select = c(Player, ", "    Tm, PTS_prior, year)))"): c("2011", "2012", "2013", "2014", "2015", "2016", "2017", "2019", "2020", "2022")
2021-10-18 16:19:04 INFO::creating data set that drops players with no prior year, ie rookies
2021-10-18 16:19:07 INFO::creating set that keeps the rookies
2021-10-18 16:19:11 INFO::writing lagged data sets
2021-10-18 16:19:11 INFO::writing per_game_and_advanced_lagged_no_rookies_20212022.csv
2021-10-18 16:19:11 INFO::writing per_game_and_advanced_lagged_with_rookies_20212022.csv
2021-10-18 16:19:18 INFO::aggregating no rookies data set
2021-10-18 16:19:19 INFO::aggregating rookies included data set
2021-10-18 16:19:22 INFO::changing NOK to NOH (Hurrican Katrina) -- no rookies
2021-10-18 16:19:23 INFO::changing NOK to NOH (Hurrican Katrina) -- rookies
2021-10-18 16:19:24 INFO::adding playoff wins to no rookies data set
2021-10-18 16:19:25 INFO::setting non-playoff teams win total to 0 for both data sets and cleaning current season names
2021-10-18 16:19:25 INFO::adding playoff wins to data set with rookies
2021-10-18 16:19:27 INFO::setting non-playoff teams win total to 0 for both data sets and cleaning current season names
2021-10-18 16:21:08 INFO::writing modeling data sets to .csv
